<?xml version="1.0" encoding="UTF-8"?>
<!-- Generated by org.testng.reporters.JUnitReportReporter -->
<testsuite skipped="0" hostname="TT0035311" name="TestNGPackage.SeleniumTestNG" tests="4" failures="0" timestamp="04 Eki 2019 12:45:42 GMT" time="37.096" errors="0">
  <testcase name="runapp" time="9.946" classname="TestNGPackage.SeleniumTestNG"/>
  <testcase name="runapp" time="9.172" classname="TestNGPackage.SeleniumTestNG"/>
  <testcase name="runapp" time="9.466" classname="TestNGPackage.SeleniumTestNG"/>
  <testcase name="runapp" time="8.512" classname="TestNGPackage.SeleniumTestNG"/>
</testsuite> <!-- TestNGPackage.SeleniumTestNG -->
