<?xml version="1.0" encoding="UTF-8"?>
<!-- Generated by org.testng.reporters.JUnitReportReporter -->
<testsuite hostname="TT0035311" name="chrome.SeleniumTestngExtentReport" tests="3" failures="0" timestamp="22 Oct 2019 06:20:12 GMT" time="30.219" errors="0">
  <testcase name="loginTest" time="10.988" classname="chrome.SeleniumTestngExtentReport"/>
  <testcase name="loginTest" time="8.296" classname="chrome.SeleniumTestngExtentReport"/>
  <testcase name="checkTitle" time="10.935" classname="chrome.SeleniumTestngExtentReport"/>
</testsuite> <!-- chrome.SeleniumTestngExtentReport -->
