<?xml version="1.0" encoding="UTF-8"?>
<!-- Generated by org.testng.reporters.JUnitReportReporter -->
<testsuite skipped="1" hostname="TT0035311" name="TestNGPackage.SeleniumTestNG" tests="1" failures="0" timestamp="04 Eki 2019 11:50:28 GMT" time="0.000" errors="0">
  <testcase name="runapp" time="0.000" classname="TestNGPackage.SeleniumTestNG">
    <skipped/>
  </testcase> <!-- runapp -->
</testsuite> <!-- TestNGPackage.SeleniumTestNG -->
